<?xml version="1.0" encoding="UTF-8"?>
<!-- Generated by org.testng.reporters.JUnitXMLReporter -->
<testsuite ignored="0" hostname="NCSIND9050D6BC0" failures="1" tests="5" name="Test" time="73.164" errors="0" timestamp="2024-04-08T19:49:57 IST">
  <testcase classname="com.expedia.FlightesTest" name="oneWaySearchTest" time="19.241"/>
  <testcase classname="com.expedia.FlightesTest" name="directFlightsTest" time="0.533"/>
  <testcase classname="com.expedia.FlightesTest" name="airlinesFilterTest" time="0.226"/>
  <testcase classname="com.expedia.FlightesTest" name="sortFlightsLowToHighTest" time="0.463"/>
  <testcase classname="com.expedia.FlightesTest" name="sortFlightsHighToLowTest" time="0.468">
    <failure type="org.openqa.selenium.StaleElementReferenceException" message="stale element reference: stale element not found in the current frame
  (Session info: MicrosoftEdge=123.0.2420.81)
For documentation on this error, please visit: https://www.selenium.dev/documentation/webdriver/troubleshooting/errors#stale-element-reference-exception
Build info: version: &amp;apos;4.13.0&amp;apos;, revision: &amp;apos;ba948ece5b*&amp;apos;
System info: os.name: &amp;apos;Windows 10&amp;apos;, os.arch: &amp;apos;amd64&amp;apos;, os.version: &amp;apos;10.0&amp;apos;, java.version: &amp;apos;20.0.1&amp;apos;
Driver info: org.openqa.selenium.edge.EdgeDriver
Command: [146c59d07e8f7c08d239ce30fb33055d, getElementText {id=f.BDD512E0A69AF105B165DF00D8FBED90.d.18619FB8EAF833D5856BCB903A6A16AD.e.282}]
Capabilities {acceptInsecureCerts: false, browserName: MicrosoftEdge, browserVersion: 123.0.2420.81, fedcm:accounts: true, ms:edgeOptions: {debuggerAddress: localhost:53262}, msedge: {msedgedriverVersion: 123.0.2420.81 (8acdca46cf48..., userDataDir: C:\Users\p1357921\AppData\L...}, networkConnectionEnabled: false, pageLoadStrategy: normal, platformName: windows, proxy: Proxy(), se:cdp: ws://localhost:53262/devtoo..., se:cdpVersion: 123.0.2420.81, setWindowRect: true, strictFileInteractability: false, timeouts: {implicit: 0, pageLoad: 300000, script: 30000}, unhandledPromptBehavior: dismiss and notify, webauthn:extension:credBlob: true, webauthn:extension:largeBlob: true, webauthn:extension:minPinLength: true, webauthn:extension:prf: true, webauthn:virtualAuthenticators: true}
Element: [[EdgeDriver: MicrosoftEdge on windows (146c59d07e8f7c08d239ce30fb33055d)] -&amp;gt; xpath: //ul[@data-test-id=&amp;apos;listings&amp;apos;]//li[4]//div//button//span]
Session ID: 146c59d07e8f7c08d239ce30fb33055d">
      <![CDATA[org.openqa.selenium.StaleElementReferenceException: stale element reference: stale element not found in the current frame
  (Session info: MicrosoftEdge=123.0.2420.81)
For documentation on this error, please visit: https://www.selenium.dev/documentation/webdriver/troubleshooting/errors#stale-element-reference-exception
Build info: version: '4.13.0', revision: 'ba948ece5b*'
System info: os.name: 'Windows 10', os.arch: 'amd64', os.version: '10.0', java.version: '20.0.1'
Driver info: org.openqa.selenium.edge.EdgeDriver
Command: [146c59d07e8f7c08d239ce30fb33055d, getElementText {id=f.BDD512E0A69AF105B165DF00D8FBED90.d.18619FB8EAF833D5856BCB903A6A16AD.e.282}]
Capabilities {acceptInsecureCerts: false, browserName: MicrosoftEdge, browserVersion: 123.0.2420.81, fedcm:accounts: true, ms:edgeOptions: {debuggerAddress: localhost:53262}, msedge: {msedgedriverVersion: 123.0.2420.81 (8acdca46cf48..., userDataDir: C:\Users\p1357921\AppData\L...}, networkConnectionEnabled: false, pageLoadStrategy: normal, platformName: windows, proxy: Proxy(), se:cdp: ws://localhost:53262/devtoo..., se:cdpVersion: 123.0.2420.81, setWindowRect: true, strictFileInteractability: false, timeouts: {implicit: 0, pageLoad: 300000, script: 30000}, unhandledPromptBehavior: dismiss and notify, webauthn:extension:credBlob: true, webauthn:extension:largeBlob: true, webauthn:extension:minPinLength: true, webauthn:extension:prf: true, webauthn:virtualAuthenticators: true}
Element: [[EdgeDriver: MicrosoftEdge on windows (146c59d07e8f7c08d239ce30fb33055d)] -> xpath: //ul[@data-test-id='listings']//li[4]//div//button//span]
Session ID: 146c59d07e8f7c08d239ce30fb33055d
at org.openqa.selenium.remote.codec.w3c.W3CHttpResponseCodec.createException(W3CHttpResponseCodec.java:200)
at org.openqa.selenium.remote.codec.w3c.W3CHttpResponseCodec.decode(W3CHttpResponseCodec.java:133)
at org.openqa.selenium.remote.codec.w3c.W3CHttpResponseCodec.decode(W3CHttpResponseCodec.java:52)
at org.openqa.selenium.remote.HttpCommandExecutor.execute(HttpCommandExecutor.java:191)
at org.openqa.selenium.remote.service.DriverCommandExecutor.invokeExecute(DriverCommandExecutor.java:196)
at org.openqa.selenium.remote.service.DriverCommandExecutor.execute(DriverCommandExecutor.java:171)
at org.openqa.selenium.remote.RemoteWebDriver.execute(RemoteWebDriver.java:602)
at org.openqa.selenium.remote.RemoteWebElement.execute(RemoteWebElement.java:224)
at org.openqa.selenium.remote.RemoteWebElement.getText(RemoteWebElement.java:192)
at org.openqa.selenium.support.pagefactory.internal.LocatingElementHandler.invoke(LocatingElementHandler.java:51)
at jdk.proxy2/jdk.proxy2.$Proxy21.getText(Unknown Source)
at com.expedia.pages.FlightResultPage.flightData(FlightResultPage.java:29)
at com.expedia.pages.FlightResultPage.sortFlights(FlightResultPage.java:75)
at com.expedia.FlightesTest.sortFlightsHighToLowTest(FlightesTest.java:82)
at java.base/java.util.ArrayList.forEach(ArrayList.java:1511)
... Removed 30 stack frames]]>
    </failure>
  </testcase> <!-- sortFlightsHighToLowTest -->
</testsuite> <!-- Test -->
